Error: name 'random' is not defined
Traceback (most recent call last):
  File "c:\Users\Administrator\Desktop\python\无畏\main.py", line 141, in main
    game.start('menu')
  File "C:\Users\Administrator\Desktop\python\无畏\src\engine\game.py", line 48, in start
    self._run()
  File "C:\Users\Administrator\Desktop\python\无畏\src\engine\game.py", line 154, in _run
    self._switch_scene(name, **kwargs)
  File "C:\Users\Administrator\Desktop\python\无畏\src\engine\game.py", line 59, in _switch_scene
    self.current_scene = scene_class(self, **kwargs)
                         ^^^^^^^^^^^^^^^^^^^^^^^^^^^
  File "C:\Users\Administrator\Desktop\python\无畏\src\ui\gameplay.py", line 1436, in __init__
    self._setup_scene(character_id, difficulty, saved_state)
  File "C:\Users\Administrator\Desktop\python\无畏\src\ui\gameplay.py", line 60, in _setup_scene
    self.dungeon.generate(difficulty=difficulty)
  File "C:\Users\Administrator\Desktop\python\无畏\src\world\dungeon.py", line 105, in generate
    self._generate_rooms()
  File "C:\Users\Administrator\Desktop\python\无畏\src\world\dungeon.py", line 118, in _generate_rooms
    w = random.randint(ROOM_MIN_SIZE, ROOM_MAX_SIZE)
        ^^^^^^
NameError: name 'random' is not defined. Did you forget to import 'random'
